Performing C SOURCE FILE Test CMAKE_HAVE_LIBC_PTHREAD failed with the following output:
Change Dir: /home/hairuizhu/catkin_ws/src/my_ur_control/~/catkin_ws/build/CMakeFiles/CMakeTmp

Run Build Command(s):/usr/bin/make cmTC_ba092/fast && /usr/bin/make -f CMakeFiles/cmTC_ba092.dir/build.make CMakeFiles/cmTC_ba092.dir/build
make[1]: Entering directory '/home/hairuizhu/catkin_ws/src/my_ur_control/~/catkin_ws/build/CMakeFiles/CMakeTmp'
Building C object CMakeFiles/cmTC_ba092.dir/src.c.o
/usr/bin/gcc   -DCMAKE_HAVE_LIBC_PTHREAD   -o CMakeFiles/cmTC_ba092.dir/src.c.o   -c "/home/hairuizhu/catkin_ws/src/my_ur_control/~/catkin_ws/build/CMakeFiles/CMakeTmp/src.c"
Linking C executable cmTC_ba092
/home/hairuizhu/programs/clion-2020.1.1/bin/cmake/linux/bin/cmake -E cmake_link_script CMakeFiles/cmTC_ba092.dir/link.txt --verbose=1
/usr/bin/gcc  -DCMAKE_HAVE_LIBC_PTHREAD    -rdynamic CMakeFiles/cmTC_ba092.dir/src.c.o  -o cmTC_ba092 
CMakeFiles/cmTC_ba092.dir/src.c.o: In function `main':
src.c:(.text+0x3e): undefined reference to `pthread_create'
src.c:(.text+0x4a): undefined reference to `pthread_detach'
src.c:(.text+0x5b): undefined reference to `pthread_join'
src.c:(.text+0x6f): undefined reference to `pthread_atfork'
collect2: error: ld returned 1 exit status
CMakeFiles/cmTC_ba092.dir/build.make:86: recipe for target 'cmTC_ba092' failed
make[1]: *** [cmTC_ba092] Error 1
make[1]: Leaving directory '/home/hairuizhu/catkin_ws/src/my_ur_control/~/catkin_ws/build/CMakeFiles/CMakeTmp'
Makefile:121: recipe for target 'cmTC_ba092/fast' failed
make: *** [cmTC_ba092/fast] Error 2


Source file was:
#include <pthread.h>

void* test_func(void* data)
{
  return data;
}

int main(void)
{
  pthread_t thread;
  pthread_create(&thread, NULL, test_func, NULL);
  pthread_detach(thread);
  pthread_join(thread, NULL);
  pthread_atfork(NULL, NULL, NULL);
  pthread_exit(NULL);

  return 0;
}

Determining if the function pthread_create exists in the pthreads failed with the following output:
Change Dir: /home/hairuizhu/catkin_ws/src/my_ur_control/~/catkin_ws/build/CMakeFiles/CMakeTmp

Run Build Command(s):/usr/bin/make cmTC_9ae87/fast && /usr/bin/make -f CMakeFiles/cmTC_9ae87.dir/build.make CMakeFiles/cmTC_9ae87.dir/build
make[1]: Entering directory '/home/hairuizhu/catkin_ws/src/my_ur_control/~/catkin_ws/build/CMakeFiles/CMakeTmp'
Building C object CMakeFiles/cmTC_9ae87.dir/CheckFunctionExists.c.o
/usr/bin/gcc   -DCHECK_FUNCTION_EXISTS=pthread_create   -o CMakeFiles/cmTC_9ae87.dir/CheckFunctionExists.c.o   -c /home/hairuizhu/programs/clion-2020.1.1/bin/cmake/linux/share/cmake-3.16/Modules/CheckFunctionExists.c
Linking C executable cmTC_9ae87
/home/hairuizhu/programs/clion-2020.1.1/bin/cmake/linux/bin/cmake -E cmake_link_script CMakeFiles/cmTC_9ae87.dir/link.txt --verbose=1
/usr/bin/gcc  -DCHECK_FUNCTION_EXISTS=pthread_create    -rdynamic CMakeFiles/cmTC_9ae87.dir/CheckFunctionExists.c.o  -o cmTC_9ae87  -lpthreads 
/usr/bin/ld: cannot find -lpthreads
collect2: error: ld returned 1 exit status
CMakeFiles/cmTC_9ae87.dir/build.make:86: recipe for target 'cmTC_9ae87' failed
make[1]: *** [cmTC_9ae87] Error 1
make[1]: Leaving directory '/home/hairuizhu/catkin_ws/src/my_ur_control/~/catkin_ws/build/CMakeFiles/CMakeTmp'
Makefile:121: recipe for target 'cmTC_9ae87/fast' failed
make: *** [cmTC_9ae87/fast] Error 2



